<?xml version="1.0" encoding="UTF-8"?>
<!-- Generated by org.testng.reporters.JUnitReportReporter -->
<testsuite hostname="DESKTOP-GIIQ6GV" failures="0" tests="1" name="melvin_raulshettyacademy.ScrollDemo" time="36.211" errors="0" timestamp="2023-02-19T22:04:46 CST" skipped="0">
  <testcase classname="melvin_raulshettyacademy.ScrollDemo" name="ScrollDemoTest" time="36.211"/>
  <system-out/>
</testsuite> <!-- melvin_raulshettyacademy.ScrollDemo -->
