<?xml version="1.0" encoding="UTF-8"?>
<!-- Generated by org.testng.reporters.JUnitReportReporter -->
<testsuite hostname="DESKTOP-GIIQ6GV" failures="0" tests="1" name="melvin_raulshettyacademy.LongPress" time="9.387" errors="0" timestamp="2023-02-19T19:55:21 CST" skipped="0">
  <testcase classname="melvin_raulshettyacademy.LongPress" name="LongPressGesture" time="9.387"/>
  <system-out/>
</testsuite> <!-- melvin_raulshettyacademy.LongPress -->
