<?xml version="1.0" encoding="UTF-8"?>
<!-- Generated by org.testng.reporters.JUnitReportReporter -->
<testsuite hostname="DESKTOP-GIIQ6GV" failures="0" tests="1" name="melvin_raulshettyacademy.MiscellaneousAppiumActions" time="17.316" errors="0" timestamp="2023-04-03T13:17:41 CDT" skipped="0">
  <testcase classname="melvin_raulshettyacademy.MiscellaneousAppiumActions" name="Miscellaneous" time="17.316"/>
  <system-out/>
</testsuite> <!-- melvin_raulshettyacademy.MiscellaneousAppiumActions -->
