<?xml version="1.0" encoding="UTF-8"?>
<!-- Generated by org.testng.reporters.JUnitReportReporter -->
<testsuite hostname="DESKTOP-GIIQ6GV" failures="0" tests="1" name="melvin_raulshettyacademy.SwipeDemo" time="6.001" errors="0" timestamp="2023-04-03T11:04:47 CDT" skipped="0">
  <testcase classname="melvin_raulshettyacademy.SwipeDemo" name="ScrollDemoTest" time="6.001"/>
  <system-out/>
</testsuite> <!-- melvin_raulshettyacademy.SwipeDemo -->
